2024-09-09 01:42:22,893 -   Inizializzazione Tap&Go on Bus in corso...
2024-09-09 01:42:34,265 -   Connessione al GPS Deamon fallita. Inserire manualmente le coordinate.
2024-09-09 01:42:34,265 -   Inizializzazione Tap&Go on Bus completata!
2024-09-09 01:42:34,265 - [ LINE ] Troppe poche fermate conosciute.
2024-09-09 01:42:34,627 - [ STOP ] Nessuna fermata trovata.
2024-09-09 01:43:34,827 - [ STOP ] I codici delle fermate sono: IT:ScheduledStopPoint:_x0031_425_ANM_x0020_2023-24_x0020_-_x0020_GOMMA
2024-09-09 01:43:34,996 - [ TAP ] Tap memorizzato correttamente.
2024-09-09 01:44:35,198 - [ STOP ] I codici delle fermate sono: IT:ScheduledStopPoint:_x0033_011_ANM_x0020_2023-24_x0020_-_x0020_GOMMA
2024-09-09 01:45:35,605 - [ STOP ] I codici delle fermate sono: IT:ScheduledStopPoint:_x0031_253_ANM_x0020_2023-24_x0020_-_x0020_GOMMA
2024-09-09 01:46:35,997 - [ STOP ] Nessuna fermata trovata.
2024-09-09 01:47:33,049 - [ STOP ] Nessuna fermata trovata.
2024-09-09 01:47:34,440 - [ LINE ] Il codice della linea: IT:Line:C63
2024-09-09 01:47:37,083 - [ VALIDATION ] Validazione in output!
2024-09-09 01:47:37,083 - [ VALIDATION ] {"data_validazione": "2024-09-09 01:43:34", "vettore_validazione": "ANM", "veicolo": "", "dispositivo": "", "pnr_seriale": 0, "supporto": "", "operazione": "check-out", "esito": "", "emv_terminal_id": 0, "emv_hashpan": "", "fermata": 1425, "codice_fermata_tariffaria": 292, "codice_linea": "C63"}
2024-09-09 01:48:26,954 - [ STOP ] I codici delle fermate sono: IT:ScheduledStopPoint:_x0031_130_ANM_x0020_2023-24_x0020_-_x0020_GOMMA
2024-09-09 01:49:27,316 - [ STOP ] Nessuna fermata trovata.
2024-09-09 01:50:24,328 - [ STOP ] Nessuna fermata trovata.
2024-09-09 01:51:18,214 - [ STOP ] Nessuna fermata trovata.
2024-09-09 01:52:09,234 - [ STOP ] Nessuna fermata trovata.
2024-09-09 01:52:34,839 - [ LINE ] Il codice della linea: IT:Line:C63
2024-09-09 01:52:57,470 - [ STOP ] Nessuna fermata trovata.
2024-09-09 01:53:43,214 - [ STOP ] Nessuna fermata trovata.
